[I][2025-12-14 13:20:59:541]-[COBSCWorker]-********************************************************
[I][2025-12-14 13:20:59:547]-[COBSCWorker]-UpgradeType[UpgradeBin] PKGVERSION[] ,Service Started!ID[0x548f10ff] VERSION[], SIP[192.168.100.22] DIP[99.0.0.224] FRSIZE[1200] FRINTERV[10 MS], PKSIZE[115403] PKCRC[0x91c40c4f],FlashMode[MainAndBack] DeleteCfg[false] ,MachineFilter[8888888888] CheckPolicy[DefaultCheckPolicy] AuditPolicy[DefaultAudit] BomCode[] LogLevel[0].
[I][2025-12-14 13:20:59:549]-[COBSCWorker]-Server Start :MachineManageWorker
[I][2025-12-14 13:20:59:549]-[COBSCWorker]-Server Start :CtrlWorker
[I][2025-12-14 13:20:59:549]-[COBSCWorker]-Server Start :DataWorker
[I][2025-12-14 13:20:59:621]-[CMachineManage]-[AG24B1552398 00E0-FC55-2398 2150088318AGQB003169] recv, Len:252 ,PkgType:ONT_21_PKG ,MsgType:0
[I][2025-12-14 13:20:59:621]-[COBSCWorker]-[AG24B1552398 00E0-FC55-2398 2150088318AGQB003169] [start] recv,result:0x0
[I][2025-12-14 13:20:59:621]-[COBSCWorker]-[AG24B1552398 00E0-FC55-2398 2150088318AGQB003169] check result:0
[I][2025-12-14 13:20:59:621]-[COBSCWorker]-[AG24B1552398 00E0-FC55-2398 2150088318AGQB003169] [start] send
[I][2025-12-14 13:20:59:908]-[CMachineManage]-[AG24B1552398 00E0-FC55-2398 2150088318AGQB003169] recv, Len:252 ,PkgType:ONT_21_PKG ,MsgType:0
[I][2025-12-14 13:20:59:908]-[COBSCWorker]-[AG24B1552398 00E0-FC55-2398 2150088318AGQB003169] [start] recv,result:0x0
[I][2025-12-14 13:20:59:908]-[COBSCWorker]-[AG24B1552398 00E0-FC55-2398 2150088318AGQB003169] check result:0
[I][2025-12-14 13:20:59:908]-[COBSCWorker]-[AG24B1552398 00E0-FC55-2398 2150088318AGQB003169] [start] send
[I][2025-12-14 13:21:22:534]-[CMachineManage]-[AG24B1552398 00E0-FC55-2398 2150088318AGQB003169] recv, Len:252 , PkgType:ONT_21_PKG ,MsgType:2
[I][2025-12-14 13:21:22:547]-[COBSCWorker]-[AG24B1552398 00E0-FC55-2398 2150088318AGQB003169] [end] recv,result:0x0
[I][2025-12-14 13:21:22:547]-[COBSCWorker]-[AG24B1552398 00E0-FC55-2398 2150088318AGQB003169] [end] send
[I][2025-12-14 13:21:32:564]-[COBSCWorker]-Server stop :MachineManageWorker
[W][2025-12-14 13:21:32:590]-[CMachineManage]-RecvPacket Error: 0 , Len : 11
[I][2025-12-14 13:21:32:590]-[COBSCWorker]-Server stop :CtrlWorker
[I][2025-12-14 13:21:32:621]-[COBSCWorker]-Server stop :DataWorker
[I][2025-12-14 13:27:16:962]-[COBSCWorker]-********************************************************
[I][2025-12-14 13:27:16:966]-[COBSCWorker]-UpgradeType[CloseTelnet] PKGVERSION[Ext] ,Service Started!ID[0xe5b4e9b2] VERSION[], SIP[192.168.100.22] DIP[99.0.0.224] FRSIZE[1200] FRINTERV[10 MS], PKSIZE[26765] PKCRC[0x7d27e502],FlashMode[MainAndBack] DeleteCfg[false] ,MachineFilter[8888888888] CheckPolicy[DefaultCheckPolicy] AuditPolicy[DefaultAudit] BomCode[] LogLevel[0].
[I][2025-12-14 13:27:16:968]-[COBSCWorker]-Server Start :MachineManageWorker
[I][2025-12-14 13:27:16:968]-[COBSCWorker]-Server Start :CtrlWorker
[I][2025-12-14 13:27:16:968]-[COBSCWorker]-Server Start :DataWorker
[I][2025-12-14 13:27:17:049]-[CMachineManage]-[AG24B1552398 00E0-FC55-2398 2150088318AGQB003169] recv, Len:252 ,PkgType:ONT_21_PKG ,MsgType:0
[I][2025-12-14 13:27:17:049]-[COBSCWorker]-[AG24B1552398 00E0-FC55-2398 2150088318AGQB003169] [start] recv,result:0x0
[I][2025-12-14 13:27:17:049]-[COBSCWorker]-[AG24B1552398 00E0-FC55-2398 2150088318AGQB003169] check result:0
[I][2025-12-14 13:27:17:049]-[COBSCWorker]-[AG24B1552398 00E0-FC55-2398 2150088318AGQB003169] [start] send
[I][2025-12-14 13:27:17:343]-[CMachineManage]-[AG24B1552398 00E0-FC55-2398 2150088318AGQB003169] recv, Len:252 ,PkgType:ONT_21_PKG ,MsgType:0
[I][2025-12-14 13:27:17:343]-[COBSCWorker]-[AG24B1552398 00E0-FC55-2398 2150088318AGQB003169] [start] recv,result:0x0
[I][2025-12-14 13:27:17:343]-[COBSCWorker]-[AG24B1552398 00E0-FC55-2398 2150088318AGQB003169] check result:0
[I][2025-12-14 13:27:17:343]-[COBSCWorker]-[AG24B1552398 00E0-FC55-2398 2150088318AGQB003169] [start] send
[I][2025-12-14 13:27:28:534]-[CMachineManage]-[AG24B1552398 00E0-FC55-2398 2150088318AGQB003169] recv, Len:252 , PkgType:ONT_21_PKG ,MsgType:2
[I][2025-12-14 13:27:28:540]-[COBSCWorker]-[AG24B1552398 00E0-FC55-2398 2150088318AGQB003169] [end] recv,result:0xf720404e
[I][2025-12-14 13:27:28:545]-[CMachineManage]-[AG24B1552398 00E0-FC55-2398 2150088318AGQB003169] recv, Len:252 ,PkgType:ONT_21_PKG ,MsgType:0
[I][2025-12-14 13:27:28:545]-[COBSCWorker]-[AG24B1552398 00E0-FC55-2398 2150088318AGQB003169] [start] recv,result:0x0
[I][2025-12-14 13:27:28:545]-[COBSCWorker]-[AG24B1552398 00E0-FC55-2398 2150088318AGQB003169] check result:0
[I][2025-12-14 13:27:28:545]-[COBSCWorker]-[AG24B1552398 00E0-FC55-2398 2150088318AGQB003169] [start] send
[I][2025-12-14 13:27:28:852]-[CMachineManage]-[AG24B1552398 00E0-FC55-2398 2150088318AGQB003169] recv, Len:252 ,PkgType:ONT_21_PKG ,MsgType:0
[I][2025-12-14 13:27:28:852]-[COBSCWorker]-[AG24B1552398 00E0-FC55-2398 2150088318AGQB003169] [start] recv,result:0x0
[I][2025-12-14 13:27:28:852]-[COBSCWorker]-[AG24B1552398 00E0-FC55-2398 2150088318AGQB003169] check result:0
[I][2025-12-14 13:27:28:852]-[COBSCWorker]-[AG24B1552398 00E0-FC55-2398 2150088318AGQB003169] [start] send
[I][2025-12-14 13:27:40:043]-[CMachineManage]-[AG24B1552398 00E0-FC55-2398 2150088318AGQB003169] recv, Len:252 , PkgType:ONT_21_PKG ,MsgType:2
[I][2025-12-14 13:27:40:043]-[COBSCWorker]-[AG24B1552398 00E0-FC55-2398 2150088318AGQB003169] [end] recv,result:0xf720404e
[I][2025-12-14 13:27:40:049]-[CMachineManage]-[AG24B1552398 00E0-FC55-2398 2150088318AGQB003169] recv, Len:252 ,PkgType:ONT_21_PKG ,MsgType:0
[I][2025-12-14 13:27:40:049]-[COBSCWorker]-[AG24B1552398 00E0-FC55-2398 2150088318AGQB003169] [start] recv,result:0x0
[I][2025-12-14 13:27:40:049]-[COBSCWorker]-[AG24B1552398 00E0-FC55-2398 2150088318AGQB003169] check result:0
[I][2025-12-14 13:27:40:049]-[COBSCWorker]-[AG24B1552398 00E0-FC55-2398 2150088318AGQB003169] [start] send
[I][2025-12-14 13:27:40:347]-[CMachineManage]-[AG24B1552398 00E0-FC55-2398 2150088318AGQB003169] recv, Len:252 ,PkgType:ONT_21_PKG ,MsgType:0
[I][2025-12-14 13:27:40:347]-[COBSCWorker]-[AG24B1552398 00E0-FC55-2398 2150088318AGQB003169] [start] recv,result:0x0
[I][2025-12-14 13:27:40:347]-[COBSCWorker]-[AG24B1552398 00E0-FC55-2398 2150088318AGQB003169] check result:0
[I][2025-12-14 13:27:40:349]-[COBSCWorker]-[AG24B1552398 00E0-FC55-2398 2150088318AGQB003169] [start] send
[I][2025-12-14 13:27:51:485]-[CMachineManage]-[AG24B1552398 00E0-FC55-2398 2150088318AGQB003169] recv, Len:252 , PkgType:ONT_21_PKG ,MsgType:2
[I][2025-12-14 13:27:51:490]-[COBSCWorker]-[AG24B1552398 00E0-FC55-2398 2150088318AGQB003169] [end] recv,result:0xf720404e
[I][2025-12-14 13:27:51:490]-[CMachineManage]-[AG24B1552398 00E0-FC55-2398 2150088318AGQB003169] recv, Len:252 ,PkgType:ONT_21_PKG ,MsgType:0
[I][2025-12-14 13:27:51:490]-[COBSCWorker]-[AG24B1552398 00E0-FC55-2398 2150088318AGQB003169] [start] recv,result:0x0
[I][2025-12-14 13:27:51:490]-[COBSCWorker]-[AG24B1552398 00E0-FC55-2398 2150088318AGQB003169] check result:0
[I][2025-12-14 13:27:51:490]-[COBSCWorker]-[AG24B1552398 00E0-FC55-2398 2150088318AGQB003169] [start] send
[I][2025-12-14 13:27:51:789]-[CMachineManage]-[AG24B1552398 00E0-FC55-2398 2150088318AGQB003169] recv, Len:252 ,PkgType:ONT_21_PKG ,MsgType:0
[I][2025-12-14 13:27:51:789]-[COBSCWorker]-[AG24B1552398 00E0-FC55-2398 2150088318AGQB003169] [start] recv,result:0x0
[I][2025-12-14 13:27:51:790]-[COBSCWorker]-[AG24B1552398 00E0-FC55-2398 2150088318AGQB003169] check result:0
[I][2025-12-14 13:27:51:790]-[COBSCWorker]-[AG24B1552398 00E0-FC55-2398 2150088318AGQB003169] [start] send
[I][2025-12-14 13:28:02:955]-[CMachineManage]-[AG24B1552398 00E0-FC55-2398 2150088318AGQB003169] recv, Len:252 , PkgType:ONT_21_PKG ,MsgType:2
[I][2025-12-14 13:28:02:955]-[COBSCWorker]-[AG24B1552398 00E0-FC55-2398 2150088318AGQB003169] [end] recv,result:0xf720404e
[I][2025-12-14 13:28:02:975]-[CMachineManage]-[AG24B1552398 00E0-FC55-2398 2150088318AGQB003169] recv, Len:252 ,PkgType:ONT_21_PKG ,MsgType:0
[I][2025-12-14 13:28:02:975]-[COBSCWorker]-[AG24B1552398 00E0-FC55-2398 2150088318AGQB003169] [start] recv,result:0x0
[I][2025-12-14 13:28:02:976]-[COBSCWorker]-[AG24B1552398 00E0-FC55-2398 2150088318AGQB003169] check result:0
[I][2025-12-14 13:28:02:977]-[COBSCWorker]-[AG24B1552398 00E0-FC55-2398 2150088318AGQB003169] [start] send
[I][2025-12-14 13:28:03:267]-[CMachineManage]-[AG24B1552398 00E0-FC55-2398 2150088318AGQB003169] recv, Len:252 ,PkgType:ONT_21_PKG ,MsgType:0
[I][2025-12-14 13:28:03:267]-[COBSCWorker]-[AG24B1552398 00E0-FC55-2398 2150088318AGQB003169] [start] recv,result:0x0
[I][2025-12-14 13:28:03:267]-[COBSCWorker]-[AG24B1552398 00E0-FC55-2398 2150088318AGQB003169] check result:0
[I][2025-12-14 13:28:03:267]-[COBSCWorker]-[AG24B1552398 00E0-FC55-2398 2150088318AGQB003169] [start] send
[I][2025-12-14 13:28:14:411]-[CMachineManage]-[AG24B1552398 00E0-FC55-2398 2150088318AGQB003169] recv, Len:252 , PkgType:ONT_21_PKG ,MsgType:2
[I][2025-12-14 13:28:14:418]-[COBSCWorker]-[AG24B1552398 00E0-FC55-2398 2150088318AGQB003169] [end] recv,result:0xf720404e
[I][2025-12-14 13:28:14:432]-[CMachineManage]-[AG24B1552398 00E0-FC55-2398 2150088318AGQB003169] recv, Len:252 ,PkgType:ONT_21_PKG ,MsgType:0
[I][2025-12-14 13:28:14:432]-[COBSCWorker]-[AG24B1552398 00E0-FC55-2398 2150088318AGQB003169] [start] recv,result:0x0
[I][2025-12-14 13:28:14:432]-[COBSCWorker]-[AG24B1552398 00E0-FC55-2398 2150088318AGQB003169] check result:0
[I][2025-12-14 13:28:14:432]-[COBSCWorker]-[AG24B1552398 00E0-FC55-2398 2150088318AGQB003169] [start] send
[I][2025-12-14 13:28:14:733]-[CMachineManage]-[AG24B1552398 00E0-FC55-2398 2150088318AGQB003169] recv, Len:252 ,PkgType:ONT_21_PKG ,MsgType:0
[I][2025-12-14 13:28:14:733]-[COBSCWorker]-[AG24B1552398 00E0-FC55-2398 2150088318AGQB003169] [start] recv,result:0x0
[I][2025-12-14 13:28:14:733]-[COBSCWorker]-[AG24B1552398 00E0-FC55-2398 2150088318AGQB003169] check result:0
[I][2025-12-14 13:28:14:733]-[COBSCWorker]-[AG24B1552398 00E0-FC55-2398 2150088318AGQB003169] [start] send
[I][2025-12-14 13:28:25:915]-[CMachineManage]-[AG24B1552398 00E0-FC55-2398 2150088318AGQB003169] recv, Len:252 , PkgType:ONT_21_PKG ,MsgType:2
[I][2025-12-14 13:28:25:915]-[COBSCWorker]-[AG24B1552398 00E0-FC55-2398 2150088318AGQB003169] [end] recv,result:0xf720404e
[I][2025-12-14 13:28:32:470]-[COBSCWorker]-Server stop :MachineManageWorker
[W][2025-12-14 13:28:32:503]-[CMachineManage]-RecvPacket Error: 0 , Len : 11
[I][2025-12-14 13:28:32:503]-[COBSCWorker]-Server stop :CtrlWorker
[I][2025-12-14 13:28:32:532]-[COBSCWorker]-Server stop :DataWorker
[I][2025-12-14 13:30:07:030]-[COBSCWorker]-********************************************************
[I][2025-12-14 13:30:07:030]-[COBSCWorker]-UpgradeType[UpgradeBin] PKGVERSION[] ,Service Started!ID[0x548f10ff] VERSION[], SIP[192.168.10.22] DIP[99.0.0.224] FRSIZE[1200] FRINTERV[10 MS], PKSIZE[115403] PKCRC[0x91c40c4f],FlashMode[MainAndBack] DeleteCfg[false] ,MachineFilter[8888888888] CheckPolicy[DefaultCheckPolicy] AuditPolicy[DefaultAudit] BomCode[] LogLevel[0].
[I][2025-12-14 13:30:07:030]-[COBSCWorker]-Server Start :MachineManageWorker
[I][2025-12-14 13:30:07:039]-[COBSCWorker]-Server Start :CtrlWorker
[I][2025-12-14 13:30:07:039]-[COBSCWorker]-Server Start :DataWorker
[I][2025-12-14 13:30:17:096]-[CMachineManage]-[LD24C4067785 4812-8FE4-4605 2150087618LDQC022015] recv, Len:252 ,PkgType:ONT_21_PKG ,MsgType:0
[I][2025-12-14 13:30:17:105]-[COBSCWorker]-[LD24C4067785 4812-8FE4-4605 2150087618LDQC022015] [start] recv,result:0x0
[I][2025-12-14 13:30:17:106]-[COBSCWorker]-[LD24C4067785 4812-8FE4-4605 2150087618LDQC022015] check result:0
[I][2025-12-14 13:30:17:106]-[COBSCWorker]-[LD24C4067785 4812-8FE4-4605 2150087618LDQC022015] [start] send
[I][2025-12-14 13:30:17:424]-[CMachineManage]-[LD24C4067785 4812-8FE4-4605 2150087618LDQC022015] recv, Len:252 ,PkgType:ONT_21_PKG ,MsgType:0
[I][2025-12-14 13:30:17:437]-[COBSCWorker]-[LD24C4067785 4812-8FE4-4605 2150087618LDQC022015] [start] recv,result:0x0
[I][2025-12-14 13:30:17:437]-[COBSCWorker]-[LD24C4067785 4812-8FE4-4605 2150087618LDQC022015] check result:0
[I][2025-12-14 13:30:17:437]-[COBSCWorker]-[LD24C4067785 4812-8FE4-4605 2150087618LDQC022015] [start] send
[I][2025-12-14 13:30:51:444]-[CMachineManage]-[LD24C4067785 4812-8FE4-4605 2150087618LDQC022015] recv, Len:252 , PkgType:ONT_21_PKG ,MsgType:2
[I][2025-12-14 13:30:51:457]-[COBSCWorker]-[LD24C4067785 4812-8FE4-4605 2150087618LDQC022015] [end] recv,result:0x0
[I][2025-12-14 13:30:51:457]-[COBSCWorker]-[LD24C4067785 4812-8FE4-4605 2150087618LDQC022015] [end] send
[I][2025-12-14 13:31:04:558]-[COBSCToolDlg]-please stop first
[I][2025-12-14 13:31:06:005]-[COBSCWorker]-Server stop :MachineManageWorker
[W][2025-12-14 13:31:06:036]-[CMachineManage]-RecvPacket Error: 0 , Len : 11
[I][2025-12-14 13:31:06:036]-[COBSCWorker]-Server stop :CtrlWorker
[I][2025-12-14 13:31:06:067]-[COBSCWorker]-Server stop :DataWorker
[I][2025-12-14 14:14:09:283]-[COBSCWorker]-********************************************************
[I][2025-12-14 14:14:09:284]-[COBSCWorker]-UpgradeType[UpgradeBin] PKGVERSION[] ,Service Started!ID[0x548f10ff] VERSION[], SIP[192.168.100.22] DIP[99.0.0.224] FRSIZE[1200] FRINTERV[10 MS], PKSIZE[115403] PKCRC[0x91c40c4f],FlashMode[MainAndBack] DeleteCfg[false] ,MachineFilter[8888888888] CheckPolicy[DefaultCheckPolicy] AuditPolicy[DefaultAudit] BomCode[] LogLevel[0].
[I][2025-12-14 14:14:09:284]-[COBSCWorker]-Server Start :MachineManageWorker
[I][2025-12-14 14:14:09:284]-[COBSCWorker]-Server Start :CtrlWorker
[I][2025-12-14 14:14:09:289]-[COBSCWorker]-Server Start :DataWorker
[I][2025-12-14 14:16:49:191]-[COBSCWorker]-Server stop :MachineManageWorker
[I][2025-12-14 14:16:49:219]-[COBSCWorker]-Server stop :CtrlWorker
[W][2025-12-14 14:16:49:219]-[CMachineManage]-RecvPacket Error: 0 , Len : 11
[I][2025-12-14 14:16:49:250]-[COBSCWorker]-Server stop :DataWorker
[I][2025-12-14 14:17:23:419]-[COBSCWorker]-********************************************************
[I][2025-12-14 14:17:23:419]-[COBSCWorker]-UpgradeType[UpgradeBin] PKGVERSION[] ,Service Started!ID[0x548f10ff] VERSION[], SIP[192.168.100.22] DIP[99.0.0.224] FRSIZE[1200] FRINTERV[10 MS], PKSIZE[115403] PKCRC[0x91c40c4f],FlashMode[MainAndBack] DeleteCfg[false] ,MachineFilter[8888888888] CheckPolicy[DefaultCheckPolicy] AuditPolicy[DefaultAudit] BomCode[] LogLevel[0].
[I][2025-12-14 14:17:23:419]-[COBSCWorker]-Server Start :MachineManageWorker
[I][2025-12-14 14:17:23:419]-[COBSCWorker]-Server Start :CtrlWorker
[I][2025-12-14 14:17:23:425]-[COBSCWorker]-Server Start :DataWorker
[I][2025-12-14 14:18:21:038]-[COBSCWorker]-Server stop :MachineManageWorker
[W][2025-12-14 14:18:21:063]-[CMachineManage]-RecvPacket Error: 0 , Len : 11
[I][2025-12-14 14:18:21:063]-[COBSCWorker]-Server stop :CtrlWorker
[I][2025-12-14 14:18:21:094]-[COBSCWorker]-Server stop :DataWorker
[I][2025-12-14 14:22:36:255]-[COBSCWorker]-********************************************************
[I][2025-12-14 14:22:36:255]-[COBSCWorker]-UpgradeType[UpgradeBin] PKGVERSION[] ,Service Started!ID[0x548f10ff] VERSION[], SIP[192.168.100.22] DIP[99.0.0.224] FRSIZE[1200] FRINTERV[10 MS], PKSIZE[115403] PKCRC[0x91c40c4f],FlashMode[MainAndBack] DeleteCfg[false] ,MachineFilter[8888888888] CheckPolicy[DefaultCheckPolicy] AuditPolicy[DefaultAudit] BomCode[] LogLevel[0].
[I][2025-12-14 14:22:36:255]-[COBSCWorker]-Server Start :MachineManageWorker
[I][2025-12-14 14:22:36:255]-[COBSCWorker]-Server Start :CtrlWorker
[I][2025-12-14 14:22:36:255]-[COBSCWorker]-Server Start :DataWorker
[I][2025-12-14 14:22:36:337]-[CMachineManage]-[AG24B1552398 00E0-FC55-2398 2150088318AGQB003169] recv, Len:252 ,PkgType:ONT_21_PKG ,MsgType:0
[I][2025-12-14 14:22:36:337]-[COBSCWorker]-[AG24B1552398 00E0-FC55-2398 2150088318AGQB003169] [start] recv,result:0x0
[I][2025-12-14 14:22:36:337]-[COBSCWorker]-[AG24B1552398 00E0-FC55-2398 2150088318AGQB003169] check result:0
[I][2025-12-14 14:22:36:342]-[COBSCWorker]-[AG24B1552398 00E0-FC55-2398 2150088318AGQB003169] [start] send
[I][2025-12-14 14:22:36:623]-[CMachineManage]-[AG24B1552398 00E0-FC55-2398 2150088318AGQB003169] recv, Len:252 ,PkgType:ONT_21_PKG ,MsgType:0
[I][2025-12-14 14:22:36:623]-[COBSCWorker]-[AG24B1552398 00E0-FC55-2398 2150088318AGQB003169] [start] recv,result:0x0
[I][2025-12-14 14:22:36:623]-[COBSCWorker]-[AG24B1552398 00E0-FC55-2398 2150088318AGQB003169] check result:0
[I][2025-12-14 14:22:36:623]-[COBSCWorker]-[AG24B1552398 00E0-FC55-2398 2150088318AGQB003169] [start] send
[I][2025-12-14 14:22:59:311]-[CMachineManage]-[AG24B1552398 00E0-FC55-2398 2150088318AGQB003169] recv, Len:252 , PkgType:ONT_21_PKG ,MsgType:2
[I][2025-12-14 14:22:59:315]-[COBSCWorker]-[AG24B1552398 00E0-FC55-2398 2150088318AGQB003169] [end] recv,result:0x0
[I][2025-12-14 14:22:59:315]-[COBSCWorker]-[AG24B1552398 00E0-FC55-2398 2150088318AGQB003169] [end] send
[I][2025-12-14 14:23:08:435]-[COBSCWorker]-Server stop :MachineManageWorker
[W][2025-12-14 14:23:08:465]-[CMachineManage]-RecvPacket Error: 0 , Len : 11
[I][2025-12-14 14:23:08:465]-[COBSCWorker]-Server stop :CtrlWorker
[I][2025-12-14 14:23:08:487]-[COBSCWorker]-Server stop :DataWorker
[I][2025-12-14 14:43:04:021]-[COBSCWorker]-********************************************************
[I][2025-12-14 14:43:04:021]-[COBSCWorker]-UpgradeType[UpgradeBin] PKGVERSION[] ,Service Started!ID[0xcf5cf7ad] VERSION[], SIP[192.168.100.2] DIP[99.0.0.224] FRSIZE[1200] FRINTERV[10 MS], PKSIZE[77422104] PKCRC[0x7144f2fd],FlashMode[MainAndBack] DeleteCfg[false] ,MachineFilter[8888888888] CheckPolicy[DefaultCheckPolicy] AuditPolicy[DefaultAudit] BomCode[] LogLevel[0].
[I][2025-12-14 14:43:04:026]-[COBSCWorker]-Server Start :MachineManageWorker
[I][2025-12-14 14:43:04:027]-[COBSCWorker]-Server Start :CtrlWorker
[I][2025-12-14 14:43:04:027]-[COBSCWorker]-Server Start :DataWorker
[I][2025-12-14 14:43:22:544]-[COBSCWorker]-Server stop :MachineManageWorker
[W][2025-12-14 14:43:22:569]-[CMachineManage]-RecvPacket Error: 0 , Len : 11
[I][2025-12-14 14:43:22:569]-[COBSCWorker]-Server stop :CtrlWorker
[I][2025-12-14 14:43:22:603]-[COBSCWorker]-Server stop :DataWorker
[I][2026-05-16 01:14:15:939]-[COBSCWorker]-********************************************************
[I][2026-05-16 01:14:15:941]-[COBSCWorker]-UpgradeType[CloseTelnet] PKGVERSION[Ext] ,Service Started!ID[0xe5b4e9b2] VERSION[], SIP[192.168.0.216] DIP[99.0.0.224] FRSIZE[1200] FRINTERV[10 MS], PKSIZE[26765] PKCRC[0x7d27e502],FlashMode[MainAndBack] DeleteCfg[false] ,MachineFilter[8888888888] CheckPolicy[DefaultCheckPolicy] AuditPolicy[DefaultAudit] BomCode[] LogLevel[0].
[I][2026-05-16 01:14:15:942]-[COBSCWorker]-Server Start :CtrlWorker
[I][2026-05-16 01:14:15:944]-[COBSCWorker]-Server Start :MachineManageWorker
[I][2026-05-16 01:14:15:946]-[COBSCWorker]-Server Start :DataWorker
[I][2026-05-16 01:14:19:280]-[COBSCWorker]-Server stop :MachineManageWorker
[W][2026-05-16 01:14:19:294]-[CMachineManage]-RecvPacket Error: 0 , Len : 11
[I][2026-05-16 01:14:19:294]-[COBSCWorker]-Server stop :CtrlWorker
[I][2026-05-16 01:14:19:308]-[COBSCWorker]-Server stop :DataWorker
[I][2026-05-16 11:13:57:987]-[COBSCWorker]-********************************************************
[I][2026-05-16 11:13:57:988]-[COBSCWorker]-UpgradeType[OpenTelnet] PKGVERSION[Ext] ,Service Started!ID[0x81c242aa] VERSION[], SIP[192.168.1.20] DIP[99.0.0.224] FRSIZE[1200] FRINTERV[10 MS], PKSIZE[1808512] PKCRC[0xe9423dfa],FlashMode[MainAndBack] DeleteCfg[false] ,MachineFilter[8888888888] CheckPolicy[DefaultCheckPolicy] AuditPolicy[DefaultAudit] BomCode[] LogLevel[0].
[I][2026-05-16 11:13:57:990]-[COBSCWorker]-Server Start :MachineManageWorker
[I][2026-05-16 11:13:57:990]-[COBSCWorker]-Server Start :CtrlWorker
[I][2026-05-16 11:13:57:993]-[COBSCWorker]-Server Start :DataWorker
[I][2026-05-16 11:13:58:196]-[CMachineManage]-[028HHFHYM4004155 482C-D05F-1EA3 2150084230HYM4001386] recv, Len:252 ,PkgType:ONT_21_PKG ,MsgType:0
[I][2026-05-16 11:13:58:198]-[COBSCWorker]-[028HHFHYM4004155 482C-D05F-1EA3 2150084230HYM4001386] [start] recv,result:0x0
[I][2026-05-16 11:13:58:199]-[COBSCWorker]-[028HHFHYM4004155 482C-D05F-1EA3 2150084230HYM4001386] check result:0
[I][2026-05-16 11:13:58:200]-[COBSCWorker]-[028HHFHYM4004155 482C-D05F-1EA3 2150084230HYM4001386] [start] send
[I][2026-05-16 11:14:18:422]-[CMachineManage]-[028HHFHYM4004155 482C-D05F-1EA3 2150084230HYM4001386] recv, Len:252 , PkgType:ONT_21_PKG ,MsgType:2
[I][2026-05-16 11:14:18:424]-[COBSCWorker]-[028HHFHYM4004155 482C-D05F-1EA3 2150084230HYM4001386] [end] recv,result:0xf720404e
[I][2026-05-16 11:14:18:438]-[CMachineManage]-[028HHFHYM4004155 482C-D05F-1EA3 2150084230HYM4001386] recv, Len:252 ,PkgType:ONT_21_PKG ,MsgType:0
[I][2026-05-16 11:14:18:440]-[COBSCWorker]-[028HHFHYM4004155 482C-D05F-1EA3 2150084230HYM4001386] [start] recv,result:0x0
[I][2026-05-16 11:14:18:443]-[COBSCWorker]-[028HHFHYM4004155 482C-D05F-1EA3 2150084230HYM4001386] check result:0
[I][2026-05-16 11:14:18:446]-[COBSCWorker]-[028HHFHYM4004155 482C-D05F-1EA3 2150084230HYM4001386] [start] send
[I][2026-05-16 11:14:38:336]-[CMachineManage]-[028HHFHYM4004155 482C-D05F-1EA3 2150084230HYM4001386] recv, Len:252 , PkgType:ONT_21_PKG ,MsgType:2
[I][2026-05-16 11:14:38:339]-[COBSCWorker]-[028HHFHYM4004155 482C-D05F-1EA3 2150084230HYM4001386] [end] recv,result:0xf720404e
[I][2026-05-16 11:14:38:354]-[CMachineManage]-[028HHFHYM4004155 482C-D05F-1EA3 2150084230HYM4001386] recv, Len:252 ,PkgType:ONT_21_PKG ,MsgType:0
[I][2026-05-16 11:14:38:356]-[COBSCWorker]-[028HHFHYM4004155 482C-D05F-1EA3 2150084230HYM4001386] [start] recv,result:0x0
[I][2026-05-16 11:14:38:359]-[COBSCWorker]-[028HHFHYM4004155 482C-D05F-1EA3 2150084230HYM4001386] check result:0
[I][2026-05-16 11:14:38:360]-[COBSCWorker]-[028HHFHYM4004155 482C-D05F-1EA3 2150084230HYM4001386] [start] send
[I][2026-05-16 11:14:58:300]-[CMachineManage]-[028HHFHYM4004155 482C-D05F-1EA3 2150084230HYM4001386] recv, Len:252 , PkgType:ONT_21_PKG ,MsgType:2
[I][2026-05-16 11:14:58:303]-[COBSCWorker]-[028HHFHYM4004155 482C-D05F-1EA3 2150084230HYM4001386] [end] recv,result:0xf720404e
[I][2026-05-16 11:14:58:321]-[CMachineManage]-[028HHFHYM4004155 482C-D05F-1EA3 2150084230HYM4001386] recv, Len:252 ,PkgType:ONT_21_PKG ,MsgType:0
[I][2026-05-16 11:14:58:322]-[COBSCWorker]-[028HHFHYM4004155 482C-D05F-1EA3 2150084230HYM4001386] [start] recv,result:0x0
[I][2026-05-16 11:14:58:322]-[COBSCWorker]-[028HHFHYM4004155 482C-D05F-1EA3 2150084230HYM4001386] check result:0
[I][2026-05-16 11:14:58:322]-[COBSCWorker]-[028HHFHYM4004155 482C-D05F-1EA3 2150084230HYM4001386] [start] send
[I][2026-05-16 11:15:18:191]-[CMachineManage]-[028HHFHYM4004155 482C-D05F-1EA3 2150084230HYM4001386] recv, Len:252 , PkgType:ONT_21_PKG ,MsgType:2
[I][2026-05-16 11:15:18:192]-[COBSCWorker]-[028HHFHYM4004155 482C-D05F-1EA3 2150084230HYM4001386] [end] recv,result:0xf720404e
[I][2026-05-16 11:15:18:213]-[CMachineManage]-[028HHFHYM4004155 482C-D05F-1EA3 2150084230HYM4001386] recv, Len:252 ,PkgType:ONT_21_PKG ,MsgType:0
[I][2026-05-16 11:15:18:214]-[COBSCWorker]-[028HHFHYM4004155 482C-D05F-1EA3 2150084230HYM4001386] [start] recv,result:0x0
[I][2026-05-16 11:15:18:216]-[COBSCWorker]-[028HHFHYM4004155 482C-D05F-1EA3 2150084230HYM4001386] check result:0
[I][2026-05-16 11:15:18:217]-[COBSCWorker]-[028HHFHYM4004155 482C-D05F-1EA3 2150084230HYM4001386] [start] send
[I][2026-05-16 11:15:38:195]-[CMachineManage]-[028HHFHYM4004155 482C-D05F-1EA3 2150084230HYM4001386] recv, Len:252 , PkgType:ONT_21_PKG ,MsgType:2
[I][2026-05-16 11:15:38:196]-[COBSCWorker]-[028HHFHYM4004155 482C-D05F-1EA3 2150084230HYM4001386] [end] recv,result:0xf720404e
[I][2026-05-16 11:15:38:203]-[CMachineManage]-[028HHFHYM4004155 482C-D05F-1EA3 2150084230HYM4001386] recv, Len:252 ,PkgType:ONT_21_PKG ,MsgType:0
[I][2026-05-16 11:15:38:205]-[COBSCWorker]-[028HHFHYM4004155 482C-D05F-1EA3 2150084230HYM4001386] [start] recv,result:0x0
[I][2026-05-16 11:15:38:206]-[COBSCWorker]-[028HHFHYM4004155 482C-D05F-1EA3 2150084230HYM4001386] check result:0
[I][2026-05-16 11:15:38:207]-[COBSCWorker]-[028HHFHYM4004155 482C-D05F-1EA3 2150084230HYM4001386] [start] send
[I][2026-05-16 11:15:58:300]-[CMachineManage]-[028HHFHYM4004155 482C-D05F-1EA3 2150084230HYM4001386] recv, Len:252 , PkgType:ONT_21_PKG ,MsgType:2
[I][2026-05-16 11:15:58:302]-[COBSCWorker]-[028HHFHYM4004155 482C-D05F-1EA3 2150084230HYM4001386] [end] recv,result:0xf720404e
[I][2026-05-16 11:16:34:170]-[COBSCWorker]-Server stop :MachineManageWorker
[W][2026-05-16 11:16:34:187]-[CMachineManage]-RecvPacket Error: 0 , Len : 11
[I][2026-05-16 11:16:34:187]-[COBSCWorker]-Server stop :CtrlWorker
[I][2026-05-16 11:16:34:202]-[COBSCWorker]-Server stop :DataWorker
[I][2026-05-16 11:17:42:708]-[COBSCWorker]-********************************************************
[I][2026-05-16 11:17:42:710]-[COBSCWorker]-UpgradeType[UpgradeBin] PKGVERSION[] ,Service Started!ID[0x81c242aa] VERSION[], SIP[192.168.1.20] DIP[99.0.0.224] FRSIZE[1200] FRINTERV[10 MS], PKSIZE[1808512] PKCRC[0xe9423dfa],FlashMode[MainAndBack] DeleteCfg[false] ,MachineFilter[8888888888] CheckPolicy[DefaultCheckPolicy] AuditPolicy[DefaultAudit] BomCode[] LogLevel[0].
[I][2026-05-16 11:17:42:711]-[COBSCWorker]-Server Start :MachineManageWorker
[I][2026-05-16 11:17:42:712]-[COBSCWorker]-Server Start :CtrlWorker
[I][2026-05-16 11:17:42:714]-[COBSCWorker]-Server Start :DataWorker
[I][2026-05-16 11:17:42:879]-[CMachineManage]-[028HHFHYM4004155 482C-D05F-1EA3 2150084230HYM4001386] recv, Len:252 ,PkgType:ONT_21_PKG ,MsgType:0
[I][2026-05-16 11:17:42:880]-[COBSCWorker]-[028HHFHYM4004155 482C-D05F-1EA3 2150084230HYM4001386] [start] recv,result:0x0
[I][2026-05-16 11:17:42:881]-[COBSCWorker]-[028HHFHYM4004155 482C-D05F-1EA3 2150084230HYM4001386] check result:0
[I][2026-05-16 11:17:42:885]-[COBSCWorker]-[028HHFHYM4004155 482C-D05F-1EA3 2150084230HYM4001386] [start] send
[I][2026-05-16 11:18:03:345]-[CMachineManage]-[028HHFHYM4004155 482C-D05F-1EA3 2150084230HYM4001386] recv, Len:252 , PkgType:ONT_21_PKG ,MsgType:2
[I][2026-05-16 11:18:03:347]-[COBSCWorker]-[028HHFHYM4004155 482C-D05F-1EA3 2150084230HYM4001386] [end] recv,result:0xf720404e
[I][2026-05-16 11:18:03:357]-[CMachineManage]-[028HHFHYM4004155 482C-D05F-1EA3 2150084230HYM4001386] recv, Len:252 ,PkgType:ONT_21_PKG ,MsgType:0
[I][2026-05-16 11:18:03:358]-[COBSCWorker]-[028HHFHYM4004155 482C-D05F-1EA3 2150084230HYM4001386] [start] recv,result:0x0
[I][2026-05-16 11:18:03:360]-[COBSCWorker]-[028HHFHYM4004155 482C-D05F-1EA3 2150084230HYM4001386] check result:0
[I][2026-05-16 11:18:03:361]-[COBSCWorker]-[028HHFHYM4004155 482C-D05F-1EA3 2150084230HYM4001386] [start] send
[I][2026-05-16 11:18:23:591]-[CMachineManage]-[028HHFHYM4004155 482C-D05F-1EA3 2150084230HYM4001386] recv, Len:252 , PkgType:ONT_21_PKG ,MsgType:2
[I][2026-05-16 11:18:23:594]-[COBSCWorker]-[028HHFHYM4004155 482C-D05F-1EA3 2150084230HYM4001386] [end] recv,result:0xf720404e
[I][2026-05-16 11:18:23:611]-[CMachineManage]-[028HHFHYM4004155 482C-D05F-1EA3 2150084230HYM4001386] recv, Len:252 ,PkgType:ONT_21_PKG ,MsgType:0
[I][2026-05-16 11:18:23:614]-[COBSCWorker]-[028HHFHYM4004155 482C-D05F-1EA3 2150084230HYM4001386] [start] recv,result:0x0
[I][2026-05-16 11:18:23:617]-[COBSCWorker]-[028HHFHYM4004155 482C-D05F-1EA3 2150084230HYM4001386] check result:0
[I][2026-05-16 11:18:23:619]-[COBSCWorker]-[028HHFHYM4004155 482C-D05F-1EA3 2150084230HYM4001386] [start] send
[I][2026-05-16 11:18:43:828]-[CMachineManage]-[028HHFHYM4004155 482C-D05F-1EA3 2150084230HYM4001386] recv, Len:252 , PkgType:ONT_21_PKG ,MsgType:2
[I][2026-05-16 11:18:43:830]-[COBSCWorker]-[028HHFHYM4004155 482C-D05F-1EA3 2150084230HYM4001386] [end] recv,result:0xf720404e
[I][2026-05-16 11:18:43:839]-[CMachineManage]-[028HHFHYM4004155 482C-D05F-1EA3 2150084230HYM4001386] recv, Len:252 ,PkgType:ONT_21_PKG ,MsgType:0
[I][2026-05-16 11:18:43:840]-[COBSCWorker]-[028HHFHYM4004155 482C-D05F-1EA3 2150084230HYM4001386] [start] recv,result:0x0
[I][2026-05-16 11:18:43:842]-[COBSCWorker]-[028HHFHYM4004155 482C-D05F-1EA3 2150084230HYM4001386] check result:0
[I][2026-05-16 11:18:43:843]-[COBSCWorker]-[028HHFHYM4004155 482C-D05F-1EA3 2150084230HYM4001386] [start] send
[I][2026-05-16 11:19:03:989]-[CMachineManage]-[028HHFHYM4004155 482C-D05F-1EA3 2150084230HYM4001386] recv, Len:252 , PkgType:ONT_21_PKG ,MsgType:2
[I][2026-05-16 11:19:03:992]-[COBSCWorker]-[028HHFHYM4004155 482C-D05F-1EA3 2150084230HYM4001386] [end] recv,result:0xf720404e
[I][2026-05-16 11:19:04:005]-[CMachineManage]-[028HHFHYM4004155 482C-D05F-1EA3 2150084230HYM4001386] recv, Len:252 ,PkgType:ONT_21_PKG ,MsgType:0
[I][2026-05-16 11:19:04:007]-[COBSCWorker]-[028HHFHYM4004155 482C-D05F-1EA3 2150084230HYM4001386] [start] recv,result:0x0
[I][2026-05-16 11:19:04:009]-[COBSCWorker]-[028HHFHYM4004155 482C-D05F-1EA3 2150084230HYM4001386] check result:0
[I][2026-05-16 11:19:04:010]-[COBSCWorker]-[028HHFHYM4004155 482C-D05F-1EA3 2150084230HYM4001386] [start] send
[I][2026-05-16 11:19:24:108]-[CMachineManage]-[028HHFHYM4004155 482C-D05F-1EA3 2150084230HYM4001386] recv, Len:252 , PkgType:ONT_21_PKG ,MsgType:2
[I][2026-05-16 11:19:24:109]-[COBSCWorker]-[028HHFHYM4004155 482C-D05F-1EA3 2150084230HYM4001386] [end] recv,result:0xf720404e
[I][2026-05-16 11:19:24:123]-[CMachineManage]-[028HHFHYM4004155 482C-D05F-1EA3 2150084230HYM4001386] recv, Len:252 ,PkgType:ONT_21_PKG ,MsgType:0
[I][2026-05-16 11:19:24:125]-[COBSCWorker]-[028HHFHYM4004155 482C-D05F-1EA3 2150084230HYM4001386] [start] recv,result:0x0
[I][2026-05-16 11:19:24:127]-[COBSCWorker]-[028HHFHYM4004155 482C-D05F-1EA3 2150084230HYM4001386] check result:0
[I][2026-05-16 11:19:24:130]-[COBSCWorker]-[028HHFHYM4004155 482C-D05F-1EA3 2150084230HYM4001386] [start] send
[I][2026-05-16 11:19:44:072]-[CMachineManage]-[028HHFHYM4004155 482C-D05F-1EA3 2150084230HYM4001386] recv, Len:252 , PkgType:ONT_21_PKG ,MsgType:2
[I][2026-05-16 11:19:44:074]-[COBSCWorker]-[028HHFHYM4004155 482C-D05F-1EA3 2150084230HYM4001386] [end] recv,result:0xf720404e
[I][2026-05-16 11:20:58:601]-[COBSCWorker]-Server stop :MachineManageWorker
[W][2026-05-16 11:20:58:614]-[CMachineManage]-RecvPacket Error: 0 , Len : 11
[I][2026-05-16 11:20:58:614]-[COBSCWorker]-Server stop :CtrlWorker
[I][2026-05-16 11:20:58:629]-[COBSCWorker]-Server stop :DataWorker
[I][2026-05-16 11:22:29:011]-[COBSCWorker]-********************************************************
[I][2026-05-16 11:22:29:012]-[COBSCWorker]-UpgradeType[UpgradeBin] PKGVERSION[] ,Service Started!ID[0xf22021d] VERSION[], SIP[192.168.1.20] DIP[99.0.0.224] FRSIZE[1200] FRINTERV[10 MS], PKSIZE[17650] PKCRC[0xca2ffd6d],FlashMode[MainAndBack] DeleteCfg[false] ,MachineFilter[8888888888] CheckPolicy[DefaultCheckPolicy] AuditPolicy[DefaultAudit] BomCode[] LogLevel[0].
[I][2026-05-16 11:22:29:014]-[COBSCWorker]-Server Start :MachineManageWorker
[I][2026-05-16 11:22:29:015]-[COBSCWorker]-Server Start :CtrlWorker
[I][2026-05-16 11:22:29:016]-[COBSCWorker]-Server Start :DataWorker
[I][2026-05-16 11:22:29:177]-[CMachineManage]-[028HHFHYM4004155 482C-D05F-1EA3 2150084230HYM4001386] recv, Len:252 ,PkgType:ONT_21_PKG ,MsgType:0
[I][2026-05-16 11:22:29:179]-[COBSCWorker]-[028HHFHYM4004155 482C-D05F-1EA3 2150084230HYM4001386] [start] recv,result:0x0
[I][2026-05-16 11:22:29:180]-[COBSCWorker]-[028HHFHYM4004155 482C-D05F-1EA3 2150084230HYM4001386] check result:0
[I][2026-05-16 11:22:29:181]-[COBSCWorker]-[028HHFHYM4004155 482C-D05F-1EA3 2150084230HYM4001386] [start] send
[I][2026-05-16 11:22:40:790]-[CMachineManage]-[028HHFHYM4004155 482C-D05F-1EA3 2150084230HYM4001386] recv, Len:252 , PkgType:ONT_21_PKG ,MsgType:2
[I][2026-05-16 11:22:40:793]-[COBSCWorker]-[028HHFHYM4004155 482C-D05F-1EA3 2150084230HYM4001386] [end] recv,result:0xf720404e
[I][2026-05-16 11:22:40:816]-[CMachineManage]-[028HHFHYM4004155 482C-D05F-1EA3 2150084230HYM4001386] recv, Len:252 ,PkgType:ONT_21_PKG ,MsgType:0
[I][2026-05-16 11:22:40:817]-[COBSCWorker]-[028HHFHYM4004155 482C-D05F-1EA3 2150084230HYM4001386] [start] recv,result:0x0
[I][2026-05-16 11:22:40:818]-[COBSCWorker]-[028HHFHYM4004155 482C-D05F-1EA3 2150084230HYM4001386] check result:0
[I][2026-05-16 11:22:40:819]-[COBSCWorker]-[028HHFHYM4004155 482C-D05F-1EA3 2150084230HYM4001386] [start] send
[I][2026-05-16 11:22:52:807]-[CMachineManage]-[028HHFHYM4004155 482C-D05F-1EA3 2150084230HYM4001386] recv, Len:252 , PkgType:ONT_21_PKG ,MsgType:2
[I][2026-05-16 11:22:52:809]-[COBSCWorker]-[028HHFHYM4004155 482C-D05F-1EA3 2150084230HYM4001386] [end] recv,result:0xf720404e
[I][2026-05-16 11:22:52:824]-[CMachineManage]-[028HHFHYM4004155 482C-D05F-1EA3 2150084230HYM4001386] recv, Len:252 ,PkgType:ONT_21_PKG ,MsgType:0
[I][2026-05-16 11:22:52:825]-[COBSCWorker]-[028HHFHYM4004155 482C-D05F-1EA3 2150084230HYM4001386] [start] recv,result:0x0
[I][2026-05-16 11:22:52:826]-[COBSCWorker]-[028HHFHYM4004155 482C-D05F-1EA3 2150084230HYM4001386] check result:0
[I][2026-05-16 11:22:52:828]-[COBSCWorker]-[028HHFHYM4004155 482C-D05F-1EA3 2150084230HYM4001386] [start] send
[I][2026-05-16 11:23:04:799]-[CMachineManage]-[028HHFHYM4004155 482C-D05F-1EA3 2150084230HYM4001386] recv, Len:252 , PkgType:ONT_21_PKG ,MsgType:2
[I][2026-05-16 11:23:04:801]-[COBSCWorker]-[028HHFHYM4004155 482C-D05F-1EA3 2150084230HYM4001386] [end] recv,result:0xf720404e
[I][2026-05-16 11:23:04:815]-[CMachineManage]-[028HHFHYM4004155 482C-D05F-1EA3 2150084230HYM4001386] recv, Len:252 ,PkgType:ONT_21_PKG ,MsgType:0
[I][2026-05-16 11:23:04:818]-[COBSCWorker]-[028HHFHYM4004155 482C-D05F-1EA3 2150084230HYM4001386] [start] recv,result:0x0
[I][2026-05-16 11:23:04:819]-[COBSCWorker]-[028HHFHYM4004155 482C-D05F-1EA3 2150084230HYM4001386] check result:0
[I][2026-05-16 11:23:04:820]-[COBSCWorker]-[028HHFHYM4004155 482C-D05F-1EA3 2150084230HYM4001386] [start] send
[I][2026-05-16 11:23:16:781]-[CMachineManage]-[028HHFHYM4004155 482C-D05F-1EA3 2150084230HYM4001386] recv, Len:252 , PkgType:ONT_21_PKG ,MsgType:2
[I][2026-05-16 11:23:16:784]-[COBSCWorker]-[028HHFHYM4004155 482C-D05F-1EA3 2150084230HYM4001386] [end] recv,result:0xf720404e
[I][2026-05-16 11:23:16:799]-[CMachineManage]-[028HHFHYM4004155 482C-D05F-1EA3 2150084230HYM4001386] recv, Len:252 ,PkgType:ONT_21_PKG ,MsgType:0
[I][2026-05-16 11:23:16:800]-[COBSCWorker]-[028HHFHYM4004155 482C-D05F-1EA3 2150084230HYM4001386] [start] recv,result:0x0
[I][2026-05-16 11:23:16:803]-[COBSCWorker]-[028HHFHYM4004155 482C-D05F-1EA3 2150084230HYM4001386] check result:0
[I][2026-05-16 11:23:16:803]-[COBSCWorker]-[028HHFHYM4004155 482C-D05F-1EA3 2150084230HYM4001386] [start] send
[I][2026-05-16 11:23:28:768]-[CMachineManage]-[028HHFHYM4004155 482C-D05F-1EA3 2150084230HYM4001386] recv, Len:252 , PkgType:ONT_21_PKG ,MsgType:2
[I][2026-05-16 11:23:28:772]-[COBSCWorker]-[028HHFHYM4004155 482C-D05F-1EA3 2150084230HYM4001386] [end] recv,result:0xf720404e
[I][2026-05-16 11:23:28:783]-[CMachineManage]-[028HHFHYM4004155 482C-D05F-1EA3 2150084230HYM4001386] recv, Len:252 ,PkgType:ONT_21_PKG ,MsgType:0
[I][2026-05-16 11:23:28:785]-[COBSCWorker]-[028HHFHYM4004155 482C-D05F-1EA3 2150084230HYM4001386] [start] recv,result:0x0
[I][2026-05-16 11:23:28:786]-[COBSCWorker]-[028HHFHYM4004155 482C-D05F-1EA3 2150084230HYM4001386] check result:0
[I][2026-05-16 11:23:28:788]-[COBSCWorker]-[028HHFHYM4004155 482C-D05F-1EA3 2150084230HYM4001386] [start] send
[I][2026-05-16 11:23:40:749]-[CMachineManage]-[028HHFHYM4004155 482C-D05F-1EA3 2150084230HYM4001386] recv, Len:252 , PkgType:ONT_21_PKG ,MsgType:2
[I][2026-05-16 11:23:40:750]-[COBSCWorker]-[028HHFHYM4004155 482C-D05F-1EA3 2150084230HYM4001386] [end] recv,result:0xf720404e
[I][2026-05-16 11:23:49:652]-[COBSCWorker]-Server stop :MachineManageWorker
[W][2026-05-16 11:23:49:669]-[CMachineManage]-RecvPacket Error: 0 , Len : 11
[I][2026-05-16 11:23:49:669]-[COBSCWorker]-Server stop :CtrlWorker
[I][2026-05-16 11:23:49:685]-[COBSCWorker]-Server stop :DataWorker
[I][2026-05-16 11:26:01:822]-[COBSCWorker]-********************************************************
[I][2026-05-16 11:26:01:824]-[COBSCWorker]-UpgradeType[OpenTelnet] PKGVERSION[V5] ,Service Started!ID[0x5427b9df] VERSION[], SIP[192.168.1.20] DIP[99.0.0.224] FRSIZE[1200] FRINTERV[10 MS], PKSIZE[2077214] PKCRC[0xa209b52f],FlashMode[MainAndBack] DeleteCfg[false] ,MachineFilter[8888888888] CheckPolicy[DefaultCheckPolicy] AuditPolicy[DefaultAudit] BomCode[] LogLevel[0].
[I][2026-05-16 11:26:01:825]-[COBSCWorker]-Server Start :MachineManageWorker
[I][2026-05-16 11:26:01:826]-[COBSCWorker]-Server Start :CtrlWorker
[I][2026-05-16 11:26:01:826]-[COBSCWorker]-Server Start :DataWorker
[I][2026-05-16 11:26:02:030]-[CMachineManage]-[028HHFHYM4004155 482C-D05F-1EA3 2150084230HYM4001386] recv, Len:252 ,PkgType:ONT_21_PKG ,MsgType:0
[I][2026-05-16 11:26:02:032]-[COBSCWorker]-[028HHFHYM4004155 482C-D05F-1EA3 2150084230HYM4001386] [start] recv,result:0x0
[I][2026-05-16 11:26:02:034]-[COBSCWorker]-[028HHFHYM4004155 482C-D05F-1EA3 2150084230HYM4001386] check result:0
[I][2026-05-16 11:26:02:037]-[COBSCWorker]-[028HHFHYM4004155 482C-D05F-1EA3 2150084230HYM4001386] [start] send
[I][2026-05-16 11:26:23:356]-[CMachineManage]-[028HHFHYM4004155 482C-D05F-1EA3 2150084230HYM4001386] recv, Len:252 , PkgType:ONT_21_PKG ,MsgType:2
[I][2026-05-16 11:26:23:358]-[COBSCWorker]-[028HHFHYM4004155 482C-D05F-1EA3 2150084230HYM4001386] [end] recv,result:0xf720404e
[I][2026-05-16 11:26:23:369]-[CMachineManage]-[028HHFHYM4004155 482C-D05F-1EA3 2150084230HYM4001386] recv, Len:252 ,PkgType:ONT_21_PKG ,MsgType:0
[I][2026-05-16 11:26:23:370]-[COBSCWorker]-[028HHFHYM4004155 482C-D05F-1EA3 2150084230HYM4001386] [start] recv,result:0x0
[I][2026-05-16 11:26:23:372]-[COBSCWorker]-[028HHFHYM4004155 482C-D05F-1EA3 2150084230HYM4001386] check result:0
[I][2026-05-16 11:26:23:374]-[COBSCWorker]-[028HHFHYM4004155 482C-D05F-1EA3 2150084230HYM4001386] [start] send
[I][2026-05-16 11:26:44:680]-[CMachineManage]-[028HHFHYM4004155 482C-D05F-1EA3 2150084230HYM4001386] recv, Len:252 , PkgType:ONT_21_PKG ,MsgType:2
[I][2026-05-16 11:26:44:683]-[COBSCWorker]-[028HHFHYM4004155 482C-D05F-1EA3 2150084230HYM4001386] [end] recv,result:0xf720404e
[I][2026-05-16 11:26:44:696]-[CMachineManage]-[028HHFHYM4004155 482C-D05F-1EA3 2150084230HYM4001386] recv, Len:252 ,PkgType:ONT_21_PKG ,MsgType:0
[I][2026-05-16 11:26:44:697]-[COBSCWorker]-[028HHFHYM4004155 482C-D05F-1EA3 2150084230HYM4001386] [start] recv,result:0x0
[I][2026-05-16 11:26:44:697]-[COBSCWorker]-[028HHFHYM4004155 482C-D05F-1EA3 2150084230HYM4001386] check result:0
[I][2026-05-16 11:26:44:697]-[COBSCWorker]-[028HHFHYM4004155 482C-D05F-1EA3 2150084230HYM4001386] [start] send
[I][2026-05-16 11:27:06:015]-[CMachineManage]-[028HHFHYM4004155 482C-D05F-1EA3 2150084230HYM4001386] recv, Len:252 , PkgType:ONT_21_PKG ,MsgType:2
[I][2026-05-16 11:27:06:017]-[COBSCWorker]-[028HHFHYM4004155 482C-D05F-1EA3 2150084230HYM4001386] [end] recv,result:0xf720404e
[I][2026-05-16 11:27:06:033]-[CMachineManage]-[028HHFHYM4004155 482C-D05F-1EA3 2150084230HYM4001386] recv, Len:252 ,PkgType:ONT_21_PKG ,MsgType:0
[I][2026-05-16 11:27:06:034]-[COBSCWorker]-[028HHFHYM4004155 482C-D05F-1EA3 2150084230HYM4001386] [start] recv,result:0x0
[I][2026-05-16 11:27:06:036]-[COBSCWorker]-[028HHFHYM4004155 482C-D05F-1EA3 2150084230HYM4001386] check result:0
[I][2026-05-16 11:27:06:037]-[COBSCWorker]-[028HHFHYM4004155 482C-D05F-1EA3 2150084230HYM4001386] [start] send
[I][2026-05-16 11:27:27:574]-[CMachineManage]-[028HHFHYM4004155 482C-D05F-1EA3 2150084230HYM4001386] recv, Len:252 , PkgType:ONT_21_PKG ,MsgType:2
[I][2026-05-16 11:27:27:576]-[COBSCWorker]-[028HHFHYM4004155 482C-D05F-1EA3 2150084230HYM4001386] [end] recv,result:0xf720404e
[I][2026-05-16 11:27:27:599]-[CMachineManage]-[028HHFHYM4004155 482C-D05F-1EA3 2150084230HYM4001386] recv, Len:252 ,PkgType:ONT_21_PKG ,MsgType:0
[I][2026-05-16 11:27:27:600]-[COBSCWorker]-[028HHFHYM4004155 482C-D05F-1EA3 2150084230HYM4001386] [start] recv,result:0x0
[I][2026-05-16 11:27:27:602]-[COBSCWorker]-[028HHFHYM4004155 482C-D05F-1EA3 2150084230HYM4001386] check result:0
[I][2026-05-16 11:27:27:604]-[COBSCWorker]-[028HHFHYM4004155 482C-D05F-1EA3 2150084230HYM4001386] [start] send
[I][2026-05-16 11:27:41:637]-[COBSCWorker]-Server stop :MachineManageWorker
[W][2026-05-16 11:27:41:652]-[CMachineManage]-RecvPacket Error: 0 , Len : 11
[I][2026-05-16 11:27:41:652]-[COBSCWorker]-Server stop :CtrlWorker
[I][2026-05-16 11:27:41:667]-[COBSCWorker]-Server stop :DataWorker
[I][2026-05-16 11:36:02:870]-[COBSCWorker]-********************************************************
[I][2026-05-16 11:36:02:873]-[COBSCWorker]-UpgradeType[OpenTelnet] PKGVERSION[V5] ,Service Started!ID[0x5427b9df] VERSION[], SIP[192.168.1.20] DIP[99.0.0.224] FRSIZE[1200] FRINTERV[10 MS], PKSIZE[2077214] PKCRC[0xa209b52f],FlashMode[MainAndBack] DeleteCfg[false] ,MachineFilter[8888888888] CheckPolicy[DefaultCheckPolicy] AuditPolicy[DefaultAudit] BomCode[] LogLevel[0].
[I][2026-05-16 11:36:02:873]-[COBSCWorker]-Server Start :MachineManageWorker
[I][2026-05-16 11:36:02:873]-[COBSCWorker]-Server Start :CtrlWorker
[I][2026-05-16 11:36:02:873]-[COBSCWorker]-Server Start :DataWorker
[I][2026-05-16 11:36:03:030]-[CMachineManage]-[028HHFHYM4004155 482C-D05F-1EA3 2150084230HYM4001386] recv, Len:252 ,PkgType:ONT_21_PKG ,MsgType:0
[I][2026-05-16 11:36:03:030]-[COBSCWorker]-[028HHFHYM4004155 482C-D05F-1EA3 2150084230HYM4001386] [start] recv,result:0x0
[I][2026-05-16 11:36:03:036]-[COBSCWorker]-[028HHFHYM4004155 482C-D05F-1EA3 2150084230HYM4001386] check result:0
[I][2026-05-16 11:36:03:036]-[COBSCWorker]-[028HHFHYM4004155 482C-D05F-1EA3 2150084230HYM4001386] [start] send
[I][2026-05-16 11:36:24:331]-[CMachineManage]-[028HHFHYM4004155 482C-D05F-1EA3 2150084230HYM4001386] recv, Len:252 , PkgType:ONT_21_PKG ,MsgType:2
[I][2026-05-16 11:36:24:331]-[COBSCWorker]-[028HHFHYM4004155 482C-D05F-1EA3 2150084230HYM4001386] [end] recv,result:0xf720404e
[I][2026-05-16 11:36:24:342]-[CMachineManage]-[028HHFHYM4004155 482C-D05F-1EA3 2150084230HYM4001386] recv, Len:252 ,PkgType:ONT_21_PKG ,MsgType:0
[I][2026-05-16 11:36:24:342]-[COBSCWorker]-[028HHFHYM4004155 482C-D05F-1EA3 2150084230HYM4001386] [start] recv,result:0x0
[I][2026-05-16 11:36:24:342]-[COBSCWorker]-[028HHFHYM4004155 482C-D05F-1EA3 2150084230HYM4001386] check result:0
[I][2026-05-16 11:36:24:342]-[COBSCWorker]-[028HHFHYM4004155 482C-D05F-1EA3 2150084230HYM4001386] [start] send
[I][2026-05-16 11:36:45:790]-[CMachineManage]-[028HHFHYM4004155 482C-D05F-1EA3 2150084230HYM4001386] recv, Len:252 , PkgType:ONT_21_PKG ,MsgType:2
[I][2026-05-16 11:36:45:793]-[COBSCWorker]-[028HHFHYM4004155 482C-D05F-1EA3 2150084230HYM4001386] [end] recv,result:0xf720404e
[I][2026-05-16 11:36:45:806]-[CMachineManage]-[028HHFHYM4004155 482C-D05F-1EA3 2150084230HYM4001386] recv, Len:252 ,PkgType:ONT_21_PKG ,MsgType:0
[I][2026-05-16 11:36:45:806]-[COBSCWorker]-[028HHFHYM4004155 482C-D05F-1EA3 2150084230HYM4001386] [start] recv,result:0x0
[I][2026-05-16 11:36:45:806]-[COBSCWorker]-[028HHFHYM4004155 482C-D05F-1EA3 2150084230HYM4001386] check result:0
[I][2026-05-16 11:36:45:806]-[COBSCWorker]-[028HHFHYM4004155 482C-D05F-1EA3 2150084230HYM4001386] [start] send
[I][2026-05-16 11:37:07:119]-[CMachineManage]-[028HHFHYM4004155 482C-D05F-1EA3 2150084230HYM4001386] recv, Len:252 , PkgType:ONT_21_PKG ,MsgType:2
[I][2026-05-16 11:37:07:119]-[COBSCWorker]-[028HHFHYM4004155 482C-D05F-1EA3 2150084230HYM4001386] [end] recv,result:0xf720404e
[I][2026-05-16 11:37:07:136]-[CMachineManage]-[028HHFHYM4004155 482C-D05F-1EA3 2150084230HYM4001386] recv, Len:252 ,PkgType:ONT_21_PKG ,MsgType:0
[I][2026-05-16 11:37:07:136]-[COBSCWorker]-[028HHFHYM4004155 482C-D05F-1EA3 2150084230HYM4001386] [start] recv,result:0x0
[I][2026-05-16 11:37:07:136]-[COBSCWorker]-[028HHFHYM4004155 482C-D05F-1EA3 2150084230HYM4001386] check result:0
[I][2026-05-16 11:37:07:136]-[COBSCWorker]-[028HHFHYM4004155 482C-D05F-1EA3 2150084230HYM4001386] [start] send
[I][2026-05-16 11:37:28:571]-[CMachineManage]-[028HHFHYM4004155 482C-D05F-1EA3 2150084230HYM4001386] recv, Len:252 , PkgType:ONT_21_PKG ,MsgType:2
[I][2026-05-16 11:37:28:574]-[COBSCWorker]-[028HHFHYM4004155 482C-D05F-1EA3 2150084230HYM4001386] [end] recv,result:0xf720404e
[I][2026-05-16 11:37:28:587]-[CMachineManage]-[028HHFHYM4004155 482C-D05F-1EA3 2150084230HYM4001386] recv, Len:252 ,PkgType:ONT_21_PKG ,MsgType:0
[I][2026-05-16 11:37:28:587]-[COBSCWorker]-[028HHFHYM4004155 482C-D05F-1EA3 2150084230HYM4001386] [start] recv,result:0x0
[I][2026-05-16 11:37:28:587]-[COBSCWorker]-[028HHFHYM4004155 482C-D05F-1EA3 2150084230HYM4001386] check result:0
[I][2026-05-16 11:37:28:587]-[COBSCWorker]-[028HHFHYM4004155 482C-D05F-1EA3 2150084230HYM4001386] [start] send
[I][2026-05-16 11:37:49:696]-[CMachineManage]-[028HHFHYM4004155 482C-D05F-1EA3 2150084230HYM4001386] recv, Len:252 , PkgType:ONT_21_PKG ,MsgType:2
[I][2026-05-16 11:37:49:706]-[COBSCWorker]-[028HHFHYM4004155 482C-D05F-1EA3 2150084230HYM4001386] [end] recv,result:0xf720404e
[I][2026-05-16 11:37:49:727]-[CMachineManage]-[028HHFHYM4004155 482C-D05F-1EA3 2150084230HYM4001386] recv, Len:252 ,PkgType:ONT_21_PKG ,MsgType:0
[I][2026-05-16 11:37:49:727]-[COBSCWorker]-[028HHFHYM4004155 482C-D05F-1EA3 2150084230HYM4001386] [start] recv,result:0x0
[I][2026-05-16 11:37:49:727]-[COBSCWorker]-[028HHFHYM4004155 482C-D05F-1EA3 2150084230HYM4001386] check result:0
[I][2026-05-16 11:37:49:738]-[COBSCWorker]-[028HHFHYM4004155 482C-D05F-1EA3 2150084230HYM4001386] [start] send
[I][2026-05-16 11:38:11:157]-[CMachineManage]-[028HHFHYM4004155 482C-D05F-1EA3 2150084230HYM4001386] recv, Len:252 , PkgType:ONT_21_PKG ,MsgType:2
[I][2026-05-16 11:38:11:158]-[COBSCWorker]-[028HHFHYM4004155 482C-D05F-1EA3 2150084230HYM4001386] [end] recv,result:0xf720404e
[I][2026-05-16 11:39:44:237]-[COBSCWorker]-Server stop :MachineManageWorker
[W][2026-05-16 11:39:44:251]-[CMachineManage]-RecvPacket Error: 0 , Len : 11
[I][2026-05-16 11:39:44:251]-[COBSCWorker]-Server stop :CtrlWorker
[I][2026-05-16 11:39:44:265]-[COBSCWorker]-Server stop :DataWorker
[I][2026-05-16 11:41:19:108]-[COBSCWorker]-********************************************************
[I][2026-05-16 11:41:19:110]-[COBSCWorker]-UpgradeType[UpgradeBin] PKGVERSION[] ,Service Started!ID[0x81c242aa] VERSION[], SIP[192.168.1.20] DIP[99.0.0.224] FRSIZE[1200] FRINTERV[10 MS], PKSIZE[1808512] PKCRC[0xe9423dfa],FlashMode[MainAndBack] DeleteCfg[false] ,MachineFilter[8888888888] CheckPolicy[DefaultCheckPolicy] AuditPolicy[DefaultAudit] BomCode[] LogLevel[0].
[I][2026-05-16 11:41:19:112]-[COBSCWorker]-Server Start :MachineManageWorker
[I][2026-05-16 11:41:19:114]-[COBSCWorker]-Server Start :DataWorker
[I][2026-05-16 11:41:19:117]-[COBSCWorker]-Server Start :CtrlWorker
[I][2026-05-16 11:41:19:283]-[CMachineManage]-[028HHFHYM4004155 482C-D05F-1EA3 2150084230HYM4001386] recv, Len:252 ,PkgType:ONT_21_PKG ,MsgType:0
[I][2026-05-16 11:41:19:286]-[COBSCWorker]-[028HHFHYM4004155 482C-D05F-1EA3 2150084230HYM4001386] [start] recv,result:0x0
[I][2026-05-16 11:41:19:288]-[COBSCWorker]-[028HHFHYM4004155 482C-D05F-1EA3 2150084230HYM4001386] check result:0
[I][2026-05-16 11:41:19:289]-[COBSCWorker]-[028HHFHYM4004155 482C-D05F-1EA3 2150084230HYM4001386] [start] send
[I][2026-05-16 11:41:39:393]-[CMachineManage]-[028HHFHYM4004155 482C-D05F-1EA3 2150084230HYM4001386] recv, Len:252 , PkgType:ONT_21_PKG ,MsgType:2
[I][2026-05-16 11:41:39:395]-[COBSCWorker]-[028HHFHYM4004155 482C-D05F-1EA3 2150084230HYM4001386] [end] recv,result:0xf720404e
[I][2026-05-16 11:41:39:413]-[CMachineManage]-[028HHFHYM4004155 482C-D05F-1EA3 2150084230HYM4001386] recv, Len:252 ,PkgType:ONT_21_PKG ,MsgType:0
[I][2026-05-16 11:41:39:415]-[COBSCWorker]-[028HHFHYM4004155 482C-D05F-1EA3 2150084230HYM4001386] [start] recv,result:0x0
[I][2026-05-16 11:41:39:416]-[COBSCWorker]-[028HHFHYM4004155 482C-D05F-1EA3 2150084230HYM4001386] check result:0
[I][2026-05-16 11:41:39:418]-[COBSCWorker]-[028HHFHYM4004155 482C-D05F-1EA3 2150084230HYM4001386] [start] send
[I][2026-05-16 11:41:59:368]-[CMachineManage]-[028HHFHYM4004155 482C-D05F-1EA3 2150084230HYM4001386] recv, Len:252 , PkgType:ONT_21_PKG ,MsgType:2
[I][2026-05-16 11:41:59:371]-[COBSCWorker]-[028HHFHYM4004155 482C-D05F-1EA3 2150084230HYM4001386] [end] recv,result:0xf720404e
[I][2026-05-16 11:41:59:396]-[CMachineManage]-[028HHFHYM4004155 482C-D05F-1EA3 2150084230HYM4001386] recv, Len:252 ,PkgType:ONT_21_PKG ,MsgType:0
[I][2026-05-16 11:41:59:397]-[COBSCWorker]-[028HHFHYM4004155 482C-D05F-1EA3 2150084230HYM4001386] [start] recv,result:0x0
[I][2026-05-16 11:41:59:399]-[COBSCWorker]-[028HHFHYM4004155 482C-D05F-1EA3 2150084230HYM4001386] check result:0
[I][2026-05-16 11:41:59:400]-[COBSCWorker]-[028HHFHYM4004155 482C-D05F-1EA3 2150084230HYM4001386] [start] send
[I][2026-05-16 11:42:05:627]-[COBSCWorker]-Server stop :MachineManageWorker
[W][2026-05-16 11:42:05:644]-[CMachineManage]-RecvPacket Error: 0 , Len : 11
[I][2026-05-16 11:42:05:644]-[COBSCWorker]-Server stop :CtrlWorker
[I][2026-05-16 11:42:05:659]-[COBSCWorker]-Server stop :DataWorker
[I][2026-05-16 12:24:22:880]-[COBSCWorker]-********************************************************
[I][2026-05-16 12:24:22:892]-[COBSCWorker]-UpgradeType[UpgradeBin] PKGVERSION[] ,Service Started!ID[0x56470958] VERSION[], SIP[192.168.1.20] DIP[99.0.0.224] FRSIZE[1200] FRINTERV[10 MS], PKSIZE[1808512] PKCRC[0xbdc704a8],FlashMode[MainAndBack] DeleteCfg[false] ,MachineFilter[8888888888] CheckPolicy[DefaultCheckPolicy] AuditPolicy[DefaultAudit] BomCode[] LogLevel[0].
[I][2026-05-16 12:24:22:892]-[COBSCWorker]-Server Start :MachineManageWorker
[I][2026-05-16 12:24:22:892]-[COBSCWorker]-Server Start :CtrlWorker
[I][2026-05-16 12:24:22:892]-[COBSCWorker]-Server Start :DataWorker
[I][2026-05-16 12:24:23:054]-[CMachineManage]-[028HHFHYM4004155 482C-D05F-1EA3 2150084230HYM4001386] recv, Len:252 ,PkgType:ONT_21_PKG ,MsgType:0
[I][2026-05-16 12:24:23:054]-[COBSCWorker]-[028HHFHYM4004155 482C-D05F-1EA3 2150084230HYM4001386] [start] recv,result:0x0
[I][2026-05-16 12:24:23:054]-[COBSCWorker]-[028HHFHYM4004155 482C-D05F-1EA3 2150084230HYM4001386] check result:0
[I][2026-05-16 12:24:23:065]-[COBSCWorker]-[028HHFHYM4004155 482C-D05F-1EA3 2150084230HYM4001386] [start] send
[I][2026-05-16 12:24:43:612]-[CMachineManage]-[028HHFHYM4004155 482C-D05F-1EA3 2150084230HYM4001386] recv, Len:252 , PkgType:ONT_21_PKG ,MsgType:2
[I][2026-05-16 12:24:43:612]-[COBSCWorker]-[028HHFHYM4004155 482C-D05F-1EA3 2150084230HYM4001386] [end] recv,result:0xf720404e
[I][2026-05-16 12:24:43:628]-[CMachineManage]-[028HHFHYM4004155 482C-D05F-1EA3 2150084230HYM4001386] recv, Len:252 ,PkgType:ONT_21_PKG ,MsgType:0
[I][2026-05-16 12:24:43:628]-[COBSCWorker]-[028HHFHYM4004155 482C-D05F-1EA3 2150084230HYM4001386] [start] recv,result:0x0
[I][2026-05-16 12:24:43:639]-[COBSCWorker]-[028HHFHYM4004155 482C-D05F-1EA3 2150084230HYM4001386] check result:0
[I][2026-05-16 12:24:43:639]-[COBSCWorker]-[028HHFHYM4004155 482C-D05F-1EA3 2150084230HYM4001386] [start] send
[I][2026-05-16 12:25:04:170]-[CMachineManage]-[028HHFHYM4004155 482C-D05F-1EA3 2150084230HYM4001386] recv, Len:252 , PkgType:ONT_21_PKG ,MsgType:2
[I][2026-05-16 12:25:04:170]-[COBSCWorker]-[028HHFHYM4004155 482C-D05F-1EA3 2150084230HYM4001386] [end] recv,result:0xf720404e
[I][2026-05-16 12:25:04:197]-[CMachineManage]-[028HHFHYM4004155 482C-D05F-1EA3 2150084230HYM4001386] recv, Len:252 ,PkgType:ONT_21_PKG ,MsgType:0
[I][2026-05-16 12:25:04:197]-[COBSCWorker]-[028HHFHYM4004155 482C-D05F-1EA3 2150084230HYM4001386] [start] recv,result:0x0
[I][2026-05-16 12:25:04:197]-[COBSCWorker]-[028HHFHYM4004155 482C-D05F-1EA3 2150084230HYM4001386] check result:0
[I][2026-05-16 12:25:04:197]-[COBSCWorker]-[028HHFHYM4004155 482C-D05F-1EA3 2150084230HYM4001386] [start] send
[I][2026-05-16 12:25:24:349]-[CMachineManage]-[028HHFHYM4004155 482C-D05F-1EA3 2150084230HYM4001386] recv, Len:252 , PkgType:ONT_21_PKG ,MsgType:2
[I][2026-05-16 12:25:24:349]-[COBSCWorker]-[028HHFHYM4004155 482C-D05F-1EA3 2150084230HYM4001386] [end] recv,result:0xf720404e
[I][2026-05-16 12:25:24:366]-[CMachineManage]-[028HHFHYM4004155 482C-D05F-1EA3 2150084230HYM4001386] recv, Len:252 ,PkgType:ONT_21_PKG ,MsgType:0
[I][2026-05-16 12:25:24:366]-[COBSCWorker]-[028HHFHYM4004155 482C-D05F-1EA3 2150084230HYM4001386] [start] recv,result:0x0
[I][2026-05-16 12:25:24:366]-[COBSCWorker]-[028HHFHYM4004155 482C-D05F-1EA3 2150084230HYM4001386] check result:0
[I][2026-05-16 12:25:24:366]-[COBSCWorker]-[028HHFHYM4004155 482C-D05F-1EA3 2150084230HYM4001386] [start] send
[I][2026-05-16 12:25:44:417]-[CMachineManage]-[028HHFHYM4004155 482C-D05F-1EA3 2150084230HYM4001386] recv, Len:252 , PkgType:ONT_21_PKG ,MsgType:2
[I][2026-05-16 12:25:44:417]-[COBSCWorker]-[028HHFHYM4004155 482C-D05F-1EA3 2150084230HYM4001386] [end] recv,result:0xf720404e
[I][2026-05-16 12:25:44:426]-[CMachineManage]-[028HHFHYM4004155 482C-D05F-1EA3 2150084230HYM4001386] recv, Len:252 ,PkgType:ONT_21_PKG ,MsgType:0
[I][2026-05-16 12:25:44:426]-[COBSCWorker]-[028HHFHYM4004155 482C-D05F-1EA3 2150084230HYM4001386] [start] recv,result:0x0
[I][2026-05-16 12:25:44:426]-[COBSCWorker]-[028HHFHYM4004155 482C-D05F-1EA3 2150084230HYM4001386] check result:0
[I][2026-05-16 12:25:44:426]-[COBSCWorker]-[028HHFHYM4004155 482C-D05F-1EA3 2150084230HYM4001386] [start] send
[I][2026-05-16 12:26:04:510]-[CMachineManage]-[028HHFHYM4004155 482C-D05F-1EA3 2150084230HYM4001386] recv, Len:252 , PkgType:ONT_21_PKG ,MsgType:2
[I][2026-05-16 12:26:04:523]-[COBSCWorker]-[028HHFHYM4004155 482C-D05F-1EA3 2150084230HYM4001386] [end] recv,result:0xf720404e
[I][2026-05-16 12:26:04:547]-[CMachineManage]-[028HHFHYM4004155 482C-D05F-1EA3 2150084230HYM4001386] recv, Len:252 ,PkgType:ONT_21_PKG ,MsgType:0
[I][2026-05-16 12:26:04:547]-[COBSCWorker]-[028HHFHYM4004155 482C-D05F-1EA3 2150084230HYM4001386] [start] recv,result:0x0
[I][2026-05-16 12:26:04:547]-[COBSCWorker]-[028HHFHYM4004155 482C-D05F-1EA3 2150084230HYM4001386] check result:0
[I][2026-05-16 12:26:04:547]-[COBSCWorker]-[028HHFHYM4004155 482C-D05F-1EA3 2150084230HYM4001386] [start] send
[I][2026-05-16 12:26:24:538]-[CMachineManage]-[028HHFHYM4004155 482C-D05F-1EA3 2150084230HYM4001386] recv, Len:252 , PkgType:ONT_21_PKG ,MsgType:2
[I][2026-05-16 12:26:24:550]-[COBSCWorker]-[028HHFHYM4004155 482C-D05F-1EA3 2150084230HYM4001386] [end] recv,result:0xf720404e
[I][2026-05-16 12:26:45:755]-[COBSCWorker]-Server stop :MachineManageWorker
[W][2026-05-16 12:26:45:771]-[CMachineManage]-RecvPacket Error: 0 , Len : 11
[I][2026-05-16 12:26:45:771]-[COBSCWorker]-Server stop :CtrlWorker
[I][2026-05-16 12:26:45:778]-[COBSCWorker]-Server stop :DataWorker
[W][2026-05-16 13:41:27:742]-[COBSCWorker]-package fomat is error,start failed
